# project  configured on Tue Mar 17 07:32:38 2015 by
# waf 1.7.11 (abi 98, python 20705f0 on darwin)
# using /Users/brbuller/Development/pebble/PebbleSDK-3.0-dp1/Pebble/waf configure build
#
----------------------------------------
Setting top to
/Users/brbuller/Development/pebble/pebbleface-trekv2
----------------------------------------
Setting out to
/Users/brbuller/Development/pebble/pebbleface-trekv2/build
----------------------------------------
Found Pebble SDK for aplite in:
/Users/brbuller/Development/pebble/PebbleSDK-3.0-dp1/Pebble/aplite
----------------------------------------
Checking for program gcc,cc
arm-none-eabi-gcc
find program=['gcc', 'cc'] paths='' var='CC' -> 'arm-none-eabi-gcc'
----------------------------------------
Checking for program ar
arm-none-eabi-ar
find program=['ar'] paths='' var='AR' -> 'arm-none-eabi-ar'
----------------------------------------
Found Pebble SDK for basalt in:
/Users/brbuller/Development/pebble/PebbleSDK-3.0-dp1/Pebble/basalt
----------------------------------------
Checking for program gcc,cc
arm-none-eabi-gcc
find program=['gcc', 'cc'] paths='' var='CC' -> 'arm-none-eabi-gcc'
----------------------------------------
Checking for program ar
arm-none-eabi-ar
find program=['ar'] paths='' var='AR' -> 'arm-none-eabi-ar'
